<<<<<<< HEAD
info: ::1 - - [31/Jan/2023:09:26:10 +0000] "POST /api/v1/notes/ HTTP/1.1" 200 236 "-" "PostmanRuntime/7.30.1"

info: ::1 - - [31/Jan/2023:09:26:31 +0000] "GET /api/v1/notes/ HTTP/1.1" 200 1608 "-" "PostmanRuntime/7.30.1"

info: ::1 - - [31/Jan/2023:09:26:48 +0000] "GET /api/v1/notes/63d8deb2256add207497372f HTTP/1.1" 202 236 "-" "PostmanRuntime/7.30.1"
=======
info: ::1 - - [31/Jan/2023:15:47:02 +0000] "POST /api/v1/users/ HTTP/1.1" 200 315 "-" "PostmanRuntime/7.30.1"

info: ::1 - - [31/Jan/2023:15:47:19 +0000] "POST /api/v1/users/login HTTP/1.1" 200 272 "-" "PostmanRuntime/7.30.1"

info: ::1 - - [31/Jan/2023:15:48:49 +0000] "POST /api/v1/notes/ HTTP/1.1" 200 245 "-" "PostmanRuntime/7.30.1"

info: ::1 - - [31/Jan/2023:15:49:08 +0000] "POST /api/v1/notes/ HTTP/1.1" 200 247 "-" "PostmanRuntime/7.30.1"

info: ::1 - - [31/Jan/2023:15:49:21 +0000] "GET /api/v1/notes/ HTTP/1.1" 200 442 "-" "PostmanRuntime/7.30.1"

info: ::1 - - [31/Jan/2023:15:54:05 +0000] "PUT /api/v1/notes/63d9386083ee1531acf7d427 HTTP/1.1" 202 253 "-" "PostmanRuntime/7.30.1"

info: ::1 - - [31/Jan/2023:15:54:17 +0000] "GET /api/v1/notes/63d9386083ee1531acf7d427 HTTP/1.1" 202 253 "-" "PostmanRuntime/7.30.1"

info: ::1 - - [31/Jan/2023:15:54:27 +0000] "GET /api/v1/notes/ HTTP/1.1" 200 450 "-" "PostmanRuntime/7.30.1"

info: ::1 - - [31/Jan/2023:15:56:27 +0000] "GET /api/v1/notes/63d9387483ee1531acf7d429 HTTP/1.1" 500 153 "-" "PostmanRuntime/7.30.1"

info: ::1 - - [31/Jan/2023:15:56:57 +0000] "GET /api/v1/notes/63d9387483ee1531acf7d429 HTTP/1.1" 500 153 "-" "PostmanRuntime/7.30.1"

info: ::1 - - [31/Jan/2023:15:57:28 +0000] "GET /api/v1/notes/63d9387483ee1531acf7d429 HTTP/1.1" 500 139 "-" "PostmanRuntime/7.30.1"

info: ::1 - - [31/Jan/2023:15:58:03 +0000] "GET /api/v1/notes/63d9387483ee1531acf7d429 HTTP/1.1" 202 247 "-" "PostmanRuntime/7.30.1"

info: ::1 - - [31/Jan/2023:15:59:29 +0000] "POST /api/v1/users/login HTTP/1.1" 200 272 "-" "PostmanRuntime/7.30.1"

info: ::1 - - [31/Jan/2023:16:00:02 +0000] "GET /api/v1/notes/ HTTP/1.1" 200 1374 "-" "PostmanRuntime/7.30.1"

info: ::1 - - [31/Jan/2023:16:00:21 +0000] "GET /api/v1/notes/63d9387483ee1531acf7d429 HTTP/1.1" 202 247 "-" "PostmanRuntime/7.30.1"

info: ::1 - - [31/Jan/2023:16:01:47 +0000] "GET /api/v1/notes/63d9387483ee1531acf7d429 HTTP/1.1" 500 153 "-" "PostmanRuntime/7.30.1"

info: ::1 - - [31/Jan/2023:16:02:26 +0000] "GET /api/v1/notes/63d9387483ee1531acf7d429 HTTP/1.1" 500 153 "-" "PostmanRuntime/7.30.1"

info: ::1 - - [31/Jan/2023:16:03:19 +0000] "GET /api/v1/notes/63d9387483ee1531acf7d429 HTTP/1.1" 500 168 "-" "PostmanRuntime/7.30.1"

info: ::1 - - [31/Jan/2023:16:03:59 +0000] "GET /api/v1/notes/63d9387483ee1531acf7d429 HTTP/1.1" 500 140 "-" "PostmanRuntime/7.30.1"

info: ::1 - - [31/Jan/2023:16:04:19 +0000] "GET /api/v1/notes/63d9387483ee1531acf7d429 HTTP/1.1" 202 62 "-" "PostmanRuntime/7.30.1"

info: ::1 - - [31/Jan/2023:16:04:52 +0000] "GET /api/v1/notes/63d9387483ee1531acf7d429 HTTP/1.1" 202 247 "-" "PostmanRuntime/7.30.1"

info: ::1 - - [31/Jan/2023:16:09:23 +0000] "GET /api/v1/notes/63d9387483ee1531acf7d429 HTTP/1.1" 202 60 "-" "PostmanRuntime/7.30.1"

info: ::1 - - [31/Jan/2023:16:10:18 +0000] "POST /api/v1/users/login HTTP/1.1" 200 272 "-" "PostmanRuntime/7.30.1"

info: ::1 - - [31/Jan/2023:16:11:08 +0000] "GET /api/v1/notes/63d9387483ee1531acf7d429 HTTP/1.1" 202 60 "-" "PostmanRuntime/7.30.1"

info: ::1 - - [31/Jan/2023:16:11:36 +0000] "GET /api/v1/notes/63d9387483ee1531acf7d429 HTTP/1.1" 202 249 "-" "PostmanRuntime/7.30.1"

info: ::1 - - [31/Jan/2023:16:11:53 +0000] "POST /api/v1/users/login HTTP/1.1" 200 272 "-" "PostmanRuntime/7.30.1"

info: ::1 - - [31/Jan/2023:16:12:26 +0000] "POST /api/v1/notes/63d9387483ee1531acf7d429 HTTP/1.1" 404 47 "-" "PostmanRuntime/7.30.1"

info: ::1 - - [31/Jan/2023:16:12:31 +0000] "GET /api/v1/notes/63d9387483ee1531acf7d429 HTTP/1.1" 202 60 "-" "PostmanRuntime/7.30.1"

info: ::1 - - [31/Jan/2023:16:13:22 +0000] "GET /api/v1/notes/63d9387483ee1531acf7d429k HTTP/1.1" 500 148 "-" "PostmanRuntime/7.30.1"

info: ::1 - - [31/Jan/2023:16:13:33 +0000] "GET /api/v1/notes/63d9387483ee1531acf7d42 HTTP/1.1" 500 146 "-" "PostmanRuntime/7.30.1"

info: ::1 - - [31/Jan/2023:16:13:44 +0000] "GET /api/v1/notes/63d9387483ee1531acf7d429 HTTP/1.1" 202 60 "-" "PostmanRuntime/7.30.1"

info: ::1 - - [31/Jan/2023:16:13:52 +0000] "POST /api/v1/users/login HTTP/1.1" 200 272 "-" "PostmanRuntime/7.30.1"

info: ::1 - - [31/Jan/2023:16:14:18 +0000] "GET /api/v1/notes/63d9387483ee1531acf7d429 HTTP/1.1" 202 249 "-" "PostmanRuntime/7.30.1"

info: ::1 - - [31/Jan/2023:17:09:51 +0000] "POST /api/v1/users/login HTTP/1.1" 200 272 "-" "PostmanRuntime/7.30.1"

info: ::1 - - [31/Jan/2023:17:10:42 +0000] "POST /api/v1/notes/ HTTP/1.1" 200 259 "-" "PostmanRuntime/7.30.1"

info: ::1 - - [31/Jan/2023:17:10:56 +0000] "GET /api/v1/notes/ HTTP/1.1" 200 1374 "-" "PostmanRuntime/7.30.1"

info: ::1 - - [31/Jan/2023:17:11:08 +0000] "GET /api/v1/notes/63d94b926a921926141fd037 HTTP/1.1" 202 261 "-" "PostmanRuntime/7.30.1"

info: ::1 - - [31/Jan/2023:17:11:27 +0000] "PUT /api/v1/notes/63d94b926a921926141fd037 HTTP/1.1" 202 246 "-" "PostmanRuntime/7.30.1"

info: ::1 - - [31/Jan/2023:17:11:31 +0000] "GET /api/v1/notes/63d94b926a921926141fd037 HTTP/1.1" 202 248 "-" "PostmanRuntime/7.30.1"

info: ::1 - - [31/Jan/2023:17:11:40 +0000] "DELETE /api/v1/notes/63d94b926a921926141fd037 HTTP/1.1" 200 60 "-" "PostmanRuntime/7.30.1"

info: ::1 - - [31/Jan/2023:17:11:44 +0000] "GET /api/v1/notes/63d94b926a921926141fd037 HTTP/1.1" 202 60 "-" "PostmanRuntime/7.30.1"

info: ::1 - - [31/Jan/2023:17:11:52 +0000] "GET /api/v1/notes/ HTTP/1.1" 200 1172 "-" "PostmanRuntime/7.30.1"
>>>>>>> notes

