<<<<<<< HEAD
error: uncaughtException: listen EADDRINUSE: address already in use :::4000
Error: listen EADDRINUSE: address already in use :::4000
    at Server.setupListenHandle [as _listen2] (node:net:1485:16)
    at listenInCluster (node:net:1533:12)
    at Server.listen (node:net:1621:7)
    at Function.listen (D:\FundooNotesProject\Fundoo_Notes\node_modules\express\lib\application.js:635:24)
    at Object.<anonymous> (D:\FundooNotesProject\Fundoo_Notes\src\/index.js:37:5)
    at Module._compile (node:internal/modules/cjs/loader:1159:14)
    at Module._compile (D:\FundooNotesProject\Fundoo_Notes\node_modules\pirates\lib\index.js:136:24)
    at Module._extensions..js (node:internal/modules/cjs/loader:1213:10)
    at Object.newLoader [as .js] (D:\FundooNotesProject\Fundoo_Notes\node_modules\pirates\lib\index.js:141:7)
    at Module.load (node:internal/modules/cjs/loader:1037:32)
    at Function.Module._load (node:internal/modules/cjs/loader:878:12)
    at Function.runMain (node:internal/modules/run_main:81:12)
    at Object.<anonymous> (D:\FundooNotesProject\Fundoo_Notes\node_modules\@babel\node\src\_babel-node.ts:223:12)
    at Module._compile (node:internal/modules/cjs/loader:1159:14)
    at Object.Module._extensions..js (node:internal/modules/cjs/loader:1213:10)
    at Module.load (node:internal/modules/cjs/loader:1037:32)
    at Function.Module._load (node:internal/modules/cjs/loader:878:12)
    at Function.executeUserEntryPoint [as runMain] (node:internal/modules/run_main:81:12)
    at node:internal/main/run_main_module:23:47 {"date":"Tue Jan 31 2023 14:55:09 GMT+0530 (India Standard Time)","error":{"address":"::","code":"EADDRINUSE","errno":-4091,"port":4000,"syscall":"listen"},"exception":true,"os":{"loadavg":[0,0,0],"uptime":16883},"process":{"argv":["node","D:\\FundooNotesProject\\Fundoo_Notes\\src\\index.js"],"cwd":"D:\\FundooNotesProject\\Fundoo_Notes","execPath":"D:\\node\\node.exe","gid":null,"memoryUsage":{"arrayBuffers":19400893,"external":20922902,"heapTotal":92594176,"heapUsed":67627688,"rss":132771840},"pid":15304,"uid":null,"version":"v18.12.0"},"stack":"Error: listen EADDRINUSE: address already in use :::4000\n    at Server.setupListenHandle [as _listen2] (node:net:1485:16)\n    at listenInCluster (node:net:1533:12)\n    at Server.listen (node:net:1621:7)\n    at Function.listen (D:\\FundooNotesProject\\Fundoo_Notes\\node_modules\\express\\lib\\application.js:635:24)\n    at Object.<anonymous> (D:\\FundooNotesProject\\Fundoo_Notes\\src\\/index.js:37:5)\n    at Module._compile (node:internal/modules/cjs/loader:1159:14)\n    at Module._compile (D:\\FundooNotesProject\\Fundoo_Notes\\node_modules\\pirates\\lib\\index.js:136:24)\n    at Module._extensions..js (node:internal/modules/cjs/loader:1213:10)\n    at Object.newLoader [as .js] (D:\\FundooNotesProject\\Fundoo_Notes\\node_modules\\pirates\\lib\\index.js:141:7)\n    at Module.load (node:internal/modules/cjs/loader:1037:32)\n    at Function.Module._load (node:internal/modules/cjs/loader:878:12)\n    at Function.runMain (node:internal/modules/run_main:81:12)\n    at Object.<anonymous> (D:\\FundooNotesProject\\Fundoo_Notes\\node_modules\\@babel\\node\\src\\_babel-node.ts:223:12)\n    at Module._compile (node:internal/modules/cjs/loader:1159:14)\n    at Object.Module._extensions..js (node:internal/modules/cjs/loader:1213:10)\n    at Module.load (node:internal/modules/cjs/loader:1037:32)\n    at Function.Module._load (node:internal/modules/cjs/loader:878:12)\n    at Function.executeUserEntryPoint [as runMain] (node:internal/modules/run_main:81:12)\n    at node:internal/main/run_main_module:23:47","timestamp":"2023-01-31T09:25:10.023Z","trace":[{"column":16,"file":"node:net","function":"Server.setupListenHandle [as _listen2]","line":1485,"method":"setupListenHandle [as _listen2]","native":false},{"column":12,"file":"node:net","function":"listenInCluster","line":1533,"method":null,"native":false},{"column":7,"file":"node:net","function":"Server.listen","line":1621,"method":"listen","native":false},{"column":24,"file":"D:\\FundooNotesProject\\Fundoo_Notes\\node_modules\\express\\lib\\application.js","function":"Function.listen","line":635,"method":"listen","native":false},{"column":5,"file":"D:\\FundooNotesProject\\Fundoo_Notes\\src\\/index.js","function":null,"line":37,"method":null,"native":false},{"column":14,"file":"node:internal/modules/cjs/loader","function":"Module._compile","line":1159,"method":"_compile","native":false},{"column":24,"file":"D:\\FundooNotesProject\\Fundoo_Notes\\node_modules\\pirates\\lib\\index.js","function":"Module._compile","line":136,"method":"_compile","native":false},{"column":10,"file":"node:internal/modules/cjs/loader","function":"Module._extensions..js","line":1213,"method":".js","native":false},{"column":7,"file":"D:\\FundooNotesProject\\Fundoo_Notes\\node_modules\\pirates\\lib\\index.js","function":"Object.newLoader [as .js]","line":141,"method":"js]","native":false},{"column":32,"file":"node:internal/modules/cjs/loader","function":"Module.load","line":1037,"method":"load","native":false},{"column":12,"file":"node:internal/modules/cjs/loader","function":"Module._load","line":878,"method":"_load","native":false},{"column":12,"file":"node:internal/modules/run_main","function":"Function.runMain","line":81,"method":"runMain","native":false},{"column":12,"file":"D:\\FundooNotesProject\\Fundoo_Notes\\node_modules\\@babel\\node\\src\\_babel-node.ts","function":null,"line":223,"method":null,"native":false},{"column":14,"file":"node:internal/modules/cjs/loader","function":"Module._compile","line":1159,"method":"_compile","native":false},{"column":10,"file":"node:internal/modules/cjs/loader","function":"Module._extensions..js","line":1213,"method":".js","native":false},{"column":32,"file":"node:internal/modules/cjs/loader","function":"Module.load","line":1037,"method":"load","native":false},{"column":12,"file":"node:internal/modules/cjs/loader","function":"Module._load","line":878,"method":"_load","native":false},{"column":12,"file":"node:internal/modules/run_main","function":"Function.executeUserEntryPoint [as runMain]","line":81,"method":"executeUserEntryPoint [as runMain]","native":false},{"column":47,"file":"node:internal/main/run_main_module","function":null,"line":23,"method":null,"native":false}]}
=======
error: 
    status - 500 
    message - CastError: Cast to ObjectId failed for value "{ userId: 'shreya@gmail.com' }" (type Object) at path "_id" for model "Notes"
    at model.Query.exec (D:\FundooNotesProject\Fundoo_Notes\node_modules\mongoose\lib\query.js:4498:21)
    at model.Query.Query.then (D:\FundooNotesProject\Fundoo_Notes\node_modules\mongoose\lib\query.js:4592:15)
    at processTicksAndRejections (node:internal/process/task_queues:95:5) 
    url - /api/v1/notes/63d9387483ee1531acf7d429 
    method - GET 
    IP - ::1
   {"timestamp":"2023-01-31T15:56:27.691Z"}
error: 
    status - 500 
    message - CastError: Cast to ObjectId failed for value "{ userId: 'shreya@gmail.com' }" (type Object) at path "_id" for model "Notes"
    at model.Query.exec (D:\FundooNotesProject\Fundoo_Notes\node_modules\mongoose\lib\query.js:4498:21)
    at model.Query.Query.then (D:\FundooNotesProject\Fundoo_Notes\node_modules\mongoose\lib\query.js:4592:15)
    at processTicksAndRejections (node:internal/process/task_queues:95:5) 
    url - /api/v1/notes/63d9387483ee1531acf7d429 
    method - GET 
    IP - ::1
   {"timestamp":"2023-01-31T15:56:57.793Z"}
error: 
    status - 500 
    message - CastError: Cast to ObjectId failed for value "shreya@gmail.com" (type string) at path "_id" for model "Notes"
    at model.Query.exec (D:\FundooNotesProject\Fundoo_Notes\node_modules\mongoose\lib\query.js:4498:21)
    at model.Query.Query.then (D:\FundooNotesProject\Fundoo_Notes\node_modules\mongoose\lib\query.js:4592:15)
    at processTicksAndRejections (node:internal/process/task_queues:95:5) 
    url - /api/v1/notes/63d9387483ee1531acf7d429 
    method - GET 
    IP - ::1
   {"timestamp":"2023-01-31T15:57:28.652Z"}
error: 
    status - 500 
    message - CastError: Cast to ObjectId failed for value "{ userId: 'naruto@gmail.com' }" (type Object) at path "_id" for model "Notes"
    at model.Query.exec (D:\FundooNotesProject\Fundoo_Notes\node_modules\mongoose\lib\query.js:4498:21)
    at model.Query.Query.then (D:\FundooNotesProject\Fundoo_Notes\node_modules\mongoose\lib\query.js:4592:15)
    at processTicksAndRejections (node:internal/process/task_queues:95:5) 
    url - /api/v1/notes/63d9387483ee1531acf7d429 
    method - GET 
    IP - ::1
   {"timestamp":"2023-01-31T16:01:47.887Z"}
error: 
    status - 500 
    message - CastError: Cast to ObjectId failed for value "{ userId: 'naruto@gmail.com' }" (type Object) at path "_id" for model "Notes"
    at model.Query.exec (D:\FundooNotesProject\Fundoo_Notes\node_modules\mongoose\lib\query.js:4498:21)
    at model.Query.Query.then (D:\FundooNotesProject\Fundoo_Notes\node_modules\mongoose\lib\query.js:4592:15)
    at processTicksAndRejections (node:internal/process/task_queues:95:5) 
    url - /api/v1/notes/63d9387483ee1531acf7d429 
    method - GET 
    IP - ::1
   {"timestamp":"2023-01-31T16:02:26.375Z"}
error: 
    status - 500 
    message - CastError: Cast to ObjectId failed for value "{ userId: 'naruto@gmail.com', id: undefined }" (type Object) at path "_id" for model "Notes"
    at model.Query.exec (D:\FundooNotesProject\Fundoo_Notes\node_modules\mongoose\lib\query.js:4498:21)
    at model.Query.Query.then (D:\FundooNotesProject\Fundoo_Notes\node_modules\mongoose\lib\query.js:4592:15)
    at processTicksAndRejections (node:internal/process/task_queues:95:5) 
    url - /api/v1/notes/63d9387483ee1531acf7d429 
    method - GET 
    IP - ::1
   {"timestamp":"2023-01-31T16:03:19.229Z"}
error: 
    status - 500 
    message - CastError: Cast to ObjectId failed for value "{ id: undefined }" (type Object) at path "_id" for model "Notes"
    at model.Query.exec (D:\FundooNotesProject\Fundoo_Notes\node_modules\mongoose\lib\query.js:4498:21)
    at model.Query.Query.then (D:\FundooNotesProject\Fundoo_Notes\node_modules\mongoose\lib\query.js:4592:15)
    at processTicksAndRejections (node:internal/process/task_queues:95:5) 
    url - /api/v1/notes/63d9387483ee1531acf7d429 
    method - GET 
    IP - ::1
   {"timestamp":"2023-01-31T16:03:59.773Z"}
error: 
    status - 500 
    message - CastError: Cast to ObjectId failed for value "63d9387483ee1531acf7d429k" (type string) at path "_id" for model "Notes"
    at model.Query.exec (D:\FundooNotesProject\Fundoo_Notes\node_modules\mongoose\lib\query.js:4498:21)
    at model.Query.Query.then (D:\FundooNotesProject\Fundoo_Notes\node_modules\mongoose\lib\query.js:4592:15)
    at processTicksAndRejections (node:internal/process/task_queues:95:5) 
    url - /api/v1/notes/63d9387483ee1531acf7d429k 
    method - GET 
    IP - ::1
   {"timestamp":"2023-01-31T16:13:22.274Z"}
error: 
    status - 500 
    message - CastError: Cast to ObjectId failed for value "63d9387483ee1531acf7d42" (type string) at path "_id" for model "Notes"
    at model.Query.exec (D:\FundooNotesProject\Fundoo_Notes\node_modules\mongoose\lib\query.js:4498:21)
    at model.Query.Query.then (D:\FundooNotesProject\Fundoo_Notes\node_modules\mongoose\lib\query.js:4592:15)
    at processTicksAndRejections (node:internal/process/task_queues:95:5) 
    url - /api/v1/notes/63d9387483ee1531acf7d42 
    method - GET 
    IP - ::1
   {"timestamp":"2023-01-31T16:13:33.557Z"}
>>>>>>> notes
error: 
    status - 500 
    message - CastError: Cast to ObjectId failed for value "{ _id: 'shreya@gmail.com', userId: '63d8ff42a0deeb15a4266ea7' }" (type Object) at path "_id" for model "Notes"
    at model.Query.exec (D:\FundooNotesProject\Fundoo_Notes\node_modules\mongoose\lib\query.js:4498:21)
    at model.Query.Query.then (D:\FundooNotesProject\Fundoo_Notes\node_modules\mongoose\lib\query.js:4592:15)
    at processTicksAndRejections (node:internal/process/task_queues:95:5) 
    url - /api/v1/notes/63d8ff42a0deeb15a4266ea7 
    method - PUT 
    IP - ::1
   {"timestamp":"2023-02-01T06:15:30.375Z"}
