<<<<<<< HEAD
error: uncaughtException: listen EADDRINUSE: address already in use :::4000
Error: listen EADDRINUSE: address already in use :::4000
    at Server.setupListenHandle [as _listen2] (node:net:1485:16)
    at listenInCluster (node:net:1533:12)
    at Server.listen (node:net:1621:7)
    at Function.listen (D:\FundooNotesProject\Fundoo_Notes\node_modules\express\lib\application.js:635:24)
    at Object.<anonymous> (D:\FundooNotesProject\Fundoo_Notes\src\/index.js:37:5)
    at Module._compile (node:internal/modules/cjs/loader:1159:14)
    at Module._compile (D:\FundooNotesProject\Fundoo_Notes\node_modules\pirates\lib\index.js:136:24)
    at Module._extensions..js (node:internal/modules/cjs/loader:1213:10)
    at Object.newLoader [as .js] (D:\FundooNotesProject\Fundoo_Notes\node_modules\pirates\lib\index.js:141:7)
    at Module.load (node:internal/modules/cjs/loader:1037:32)
    at Function.Module._load (node:internal/modules/cjs/loader:878:12)
    at Function.runMain (node:internal/modules/run_main:81:12)
    at Object.<anonymous> (D:\FundooNotesProject\Fundoo_Notes\node_modules\@babel\node\src\_babel-node.ts:223:12)
    at Module._compile (node:internal/modules/cjs/loader:1159:14)
    at Object.Module._extensions..js (node:internal/modules/cjs/loader:1213:10)
    at Module.load (node:internal/modules/cjs/loader:1037:32)
    at Function.Module._load (node:internal/modules/cjs/loader:878:12)
    at Function.executeUserEntryPoint [as runMain] (node:internal/modules/run_main:81:12)
    at node:internal/main/run_main_module:23:47 {"date":"Tue Jan 31 2023 14:55:10 GMT+0530 (India Standard Time)","error":{"address":"::","code":"EADDRINUSE","errno":-4091,"port":4000,"syscall":"listen"},"exception":true,"os":{"loadavg":[0,0,0],"uptime":16883},"process":{"argv":["node","D:\\FundooNotesProject\\Fundoo_Notes\\src\\index.js"],"cwd":"D:\\FundooNotesProject\\Fundoo_Notes","execPath":"D:\\node\\node.exe","gid":null,"memoryUsage":{"arrayBuffers":19413519,"external":20935568,"heapTotal":92856320,"heapUsed":68003400,"rss":133406720},"pid":15304,"uid":null,"version":"v18.12.0"},"stack":"Error: listen EADDRINUSE: address already in use :::4000\n    at Server.setupListenHandle [as _listen2] (node:net:1485:16)\n    at listenInCluster (node:net:1533:12)\n    at Server.listen (node:net:1621:7)\n    at Function.listen (D:\\FundooNotesProject\\Fundoo_Notes\\node_modules\\express\\lib\\application.js:635:24)\n    at Object.<anonymous> (D:\\FundooNotesProject\\Fundoo_Notes\\src\\/index.js:37:5)\n    at Module._compile (node:internal/modules/cjs/loader:1159:14)\n    at Module._compile (D:\\FundooNotesProject\\Fundoo_Notes\\node_modules\\pirates\\lib\\index.js:136:24)\n    at Module._extensions..js (node:internal/modules/cjs/loader:1213:10)\n    at Object.newLoader [as .js] (D:\\FundooNotesProject\\Fundoo_Notes\\node_modules\\pirates\\lib\\index.js:141:7)\n    at Module.load (node:internal/modules/cjs/loader:1037:32)\n    at Function.Module._load (node:internal/modules/cjs/loader:878:12)\n    at Function.runMain (node:internal/modules/run_main:81:12)\n    at Object.<anonymous> (D:\\FundooNotesProject\\Fundoo_Notes\\node_modules\\@babel\\node\\src\\_babel-node.ts:223:12)\n    at Module._compile (node:internal/modules/cjs/loader:1159:14)\n    at Object.Module._extensions..js (node:internal/modules/cjs/loader:1213:10)\n    at Module.load (node:internal/modules/cjs/loader:1037:32)\n    at Function.Module._load (node:internal/modules/cjs/loader:878:12)\n    at Function.executeUserEntryPoint [as runMain] (node:internal/modules/run_main:81:12)\n    at node:internal/main/run_main_module:23:47","trace":[{"column":16,"file":"node:net","function":"Server.setupListenHandle [as _listen2]","line":1485,"method":"setupListenHandle [as _listen2]","native":false},{"column":12,"file":"node:net","function":"listenInCluster","line":1533,"method":null,"native":false},{"column":7,"file":"node:net","function":"Server.listen","line":1621,"method":"listen","native":false},{"column":24,"file":"D:\\FundooNotesProject\\Fundoo_Notes\\node_modules\\express\\lib\\application.js","function":"Function.listen","line":635,"method":"listen","native":false},{"column":5,"file":"D:\\FundooNotesProject\\Fundoo_Notes\\src\\/index.js","function":null,"line":37,"method":null,"native":false},{"column":14,"file":"node:internal/modules/cjs/loader","function":"Module._compile","line":1159,"method":"_compile","native":false},{"column":24,"file":"D:\\FundooNotesProject\\Fundoo_Notes\\node_modules\\pirates\\lib\\index.js","function":"Module._compile","line":136,"method":"_compile","native":false},{"column":10,"file":"node:internal/modules/cjs/loader","function":"Module._extensions..js","line":1213,"method":".js","native":false},{"column":7,"file":"D:\\FundooNotesProject\\Fundoo_Notes\\node_modules\\pirates\\lib\\index.js","function":"Object.newLoader [as .js]","line":141,"method":"js]","native":false},{"column":32,"file":"node:internal/modules/cjs/loader","function":"Module.load","line":1037,"method":"load","native":false},{"column":12,"file":"node:internal/modules/cjs/loader","function":"Module._load","line":878,"method":"_load","native":false},{"column":12,"file":"node:internal/modules/run_main","function":"Function.runMain","line":81,"method":"runMain","native":false},{"column":12,"file":"D:\\FundooNotesProject\\Fundoo_Notes\\node_modules\\@babel\\node\\src\\_babel-node.ts","function":null,"line":223,"method":null,"native":false},{"column":14,"file":"node:internal/modules/cjs/loader","function":"Module._compile","line":1159,"method":"_compile","native":false},{"column":10,"file":"node:internal/modules/cjs/loader","function":"Module._extensions..js","line":1213,"method":".js","native":false},{"column":32,"file":"node:internal/modules/cjs/loader","function":"Module.load","line":1037,"method":"load","native":false},{"column":12,"file":"node:internal/modules/cjs/loader","function":"Module._load","line":878,"method":"_load","native":false},{"column":12,"file":"node:internal/modules/run_main","function":"Function.executeUserEntryPoint [as runMain]","line":81,"method":"executeUserEntryPoint [as runMain]","native":false},{"column":47,"file":"node:internal/main/run_main_module","function":null,"line":23,"method":null,"native":false}]}
info: ::1 - - [31/Jan/2023:09:26:10 +0000] "POST /api/v1/notes/ HTTP/1.1" 200 236 "-" "PostmanRuntime/7.30.1"

info: ::1 - - [31/Jan/2023:09:26:31 +0000] "GET /api/v1/notes/ HTTP/1.1" 200 1608 "-" "PostmanRuntime/7.30.1"

info: ::1 - - [31/Jan/2023:09:26:48 +0000] "GET /api/v1/notes/63d8deb2256add207497372f HTTP/1.1" 202 236 "-" "PostmanRuntime/7.30.1"
=======
info: ::1 - - [31/Jan/2023:15:47:02 +0000] "POST /api/v1/users/ HTTP/1.1" 200 315 "-" "PostmanRuntime/7.30.1"

info: ::1 - - [31/Jan/2023:15:47:19 +0000] "POST /api/v1/users/login HTTP/1.1" 200 272 "-" "PostmanRuntime/7.30.1"

info: ::1 - - [31/Jan/2023:15:48:49 +0000] "POST /api/v1/notes/ HTTP/1.1" 200 245 "-" "PostmanRuntime/7.30.1"

info: ::1 - - [31/Jan/2023:15:49:08 +0000] "POST /api/v1/notes/ HTTP/1.1" 200 247 "-" "PostmanRuntime/7.30.1"

info: ::1 - - [31/Jan/2023:15:49:21 +0000] "GET /api/v1/notes/ HTTP/1.1" 200 442 "-" "PostmanRuntime/7.30.1"

info: ::1 - - [31/Jan/2023:15:54:05 +0000] "PUT /api/v1/notes/63d9386083ee1531acf7d427 HTTP/1.1" 202 253 "-" "PostmanRuntime/7.30.1"

info: ::1 - - [31/Jan/2023:15:54:17 +0000] "GET /api/v1/notes/63d9386083ee1531acf7d427 HTTP/1.1" 202 253 "-" "PostmanRuntime/7.30.1"

info: ::1 - - [31/Jan/2023:15:54:27 +0000] "GET /api/v1/notes/ HTTP/1.1" 200 450 "-" "PostmanRuntime/7.30.1"

info: ::1 - - [31/Jan/2023:15:56:27 +0000] "GET /api/v1/notes/63d9387483ee1531acf7d429 HTTP/1.1" 500 153 "-" "PostmanRuntime/7.30.1"

info: ::1 - - [31/Jan/2023:15:56:57 +0000] "GET /api/v1/notes/63d9387483ee1531acf7d429 HTTP/1.1" 500 153 "-" "PostmanRuntime/7.30.1"

info: ::1 - - [31/Jan/2023:15:57:28 +0000] "GET /api/v1/notes/63d9387483ee1531acf7d429 HTTP/1.1" 500 139 "-" "PostmanRuntime/7.30.1"

info: ::1 - - [31/Jan/2023:15:58:03 +0000] "GET /api/v1/notes/63d9387483ee1531acf7d429 HTTP/1.1" 202 247 "-" "PostmanRuntime/7.30.1"

info: ::1 - - [31/Jan/2023:15:59:29 +0000] "POST /api/v1/users/login HTTP/1.1" 200 272 "-" "PostmanRuntime/7.30.1"

info: ::1 - - [31/Jan/2023:16:00:02 +0000] "GET /api/v1/notes/ HTTP/1.1" 200 1374 "-" "PostmanRuntime/7.30.1"

info: ::1 - - [31/Jan/2023:16:00:21 +0000] "GET /api/v1/notes/63d9387483ee1531acf7d429 HTTP/1.1" 202 247 "-" "PostmanRuntime/7.30.1"

info: ::1 - - [31/Jan/2023:16:01:47 +0000] "GET /api/v1/notes/63d9387483ee1531acf7d429 HTTP/1.1" 500 153 "-" "PostmanRuntime/7.30.1"

info: ::1 - - [31/Jan/2023:16:02:26 +0000] "GET /api/v1/notes/63d9387483ee1531acf7d429 HTTP/1.1" 500 153 "-" "PostmanRuntime/7.30.1"

info: ::1 - - [31/Jan/2023:16:03:19 +0000] "GET /api/v1/notes/63d9387483ee1531acf7d429 HTTP/1.1" 500 168 "-" "PostmanRuntime/7.30.1"

info: ::1 - - [31/Jan/2023:16:03:59 +0000] "GET /api/v1/notes/63d9387483ee1531acf7d429 HTTP/1.1" 500 140 "-" "PostmanRuntime/7.30.1"

info: ::1 - - [31/Jan/2023:16:04:19 +0000] "GET /api/v1/notes/63d9387483ee1531acf7d429 HTTP/1.1" 202 62 "-" "PostmanRuntime/7.30.1"

info: ::1 - - [31/Jan/2023:16:04:52 +0000] "GET /api/v1/notes/63d9387483ee1531acf7d429 HTTP/1.1" 202 247 "-" "PostmanRuntime/7.30.1"

info: ::1 - - [31/Jan/2023:16:09:23 +0000] "GET /api/v1/notes/63d9387483ee1531acf7d429 HTTP/1.1" 202 60 "-" "PostmanRuntime/7.30.1"

info: ::1 - - [31/Jan/2023:16:10:18 +0000] "POST /api/v1/users/login HTTP/1.1" 200 272 "-" "PostmanRuntime/7.30.1"

info: ::1 - - [31/Jan/2023:16:11:08 +0000] "GET /api/v1/notes/63d9387483ee1531acf7d429 HTTP/1.1" 202 60 "-" "PostmanRuntime/7.30.1"

info: ::1 - - [31/Jan/2023:16:11:36 +0000] "GET /api/v1/notes/63d9387483ee1531acf7d429 HTTP/1.1" 202 249 "-" "PostmanRuntime/7.30.1"

info: ::1 - - [31/Jan/2023:16:11:53 +0000] "POST /api/v1/users/login HTTP/1.1" 200 272 "-" "PostmanRuntime/7.30.1"

info: ::1 - - [31/Jan/2023:16:12:26 +0000] "POST /api/v1/notes/63d9387483ee1531acf7d429 HTTP/1.1" 404 47 "-" "PostmanRuntime/7.30.1"

info: ::1 - - [31/Jan/2023:16:12:31 +0000] "GET /api/v1/notes/63d9387483ee1531acf7d429 HTTP/1.1" 202 60 "-" "PostmanRuntime/7.30.1"

info: ::1 - - [31/Jan/2023:16:13:22 +0000] "GET /api/v1/notes/63d9387483ee1531acf7d429k HTTP/1.1" 500 148 "-" "PostmanRuntime/7.30.1"

info: ::1 - - [31/Jan/2023:16:13:33 +0000] "GET /api/v1/notes/63d9387483ee1531acf7d42 HTTP/1.1" 500 146 "-" "PostmanRuntime/7.30.1"

info: ::1 - - [31/Jan/2023:16:13:44 +0000] "GET /api/v1/notes/63d9387483ee1531acf7d429 HTTP/1.1" 202 60 "-" "PostmanRuntime/7.30.1"

info: ::1 - - [31/Jan/2023:16:13:52 +0000] "POST /api/v1/users/login HTTP/1.1" 200 272 "-" "PostmanRuntime/7.30.1"

info: ::1 - - [31/Jan/2023:16:14:18 +0000] "GET /api/v1/notes/63d9387483ee1531acf7d429 HTTP/1.1" 202 249 "-" "PostmanRuntime/7.30.1"

info: ::1 - - [31/Jan/2023:17:09:51 +0000] "POST /api/v1/users/login HTTP/1.1" 200 272 "-" "PostmanRuntime/7.30.1"

info: ::1 - - [31/Jan/2023:17:10:42 +0000] "POST /api/v1/notes/ HTTP/1.1" 200 259 "-" "PostmanRuntime/7.30.1"

info: ::1 - - [31/Jan/2023:17:10:56 +0000] "GET /api/v1/notes/ HTTP/1.1" 200 1374 "-" "PostmanRuntime/7.30.1"

info: ::1 - - [31/Jan/2023:17:11:08 +0000] "GET /api/v1/notes/63d94b926a921926141fd037 HTTP/1.1" 202 261 "-" "PostmanRuntime/7.30.1"

info: ::1 - - [31/Jan/2023:17:11:27 +0000] "PUT /api/v1/notes/63d94b926a921926141fd037 HTTP/1.1" 202 246 "-" "PostmanRuntime/7.30.1"

info: ::1 - - [31/Jan/2023:17:11:31 +0000] "GET /api/v1/notes/63d94b926a921926141fd037 HTTP/1.1" 202 248 "-" "PostmanRuntime/7.30.1"

info: ::1 - - [31/Jan/2023:17:11:40 +0000] "DELETE /api/v1/notes/63d94b926a921926141fd037 HTTP/1.1" 200 60 "-" "PostmanRuntime/7.30.1"

info: ::1 - - [31/Jan/2023:17:11:44 +0000] "GET /api/v1/notes/63d94b926a921926141fd037 HTTP/1.1" 202 60 "-" "PostmanRuntime/7.30.1"

info: ::1 - - [31/Jan/2023:17:11:52 +0000] "GET /api/v1/notes/ HTTP/1.1" 200 1172 "-" "PostmanRuntime/7.30.1"
>>>>>>> notes

